# JRE version: OpenJDK Runtime Environment Temurin-21.0.8+9 (21.0.8+9) (build 21.0.8+9-LTS)
# Java VM: OpenJDK 64-Bit Server VM Temurin-21.0.8+9 (21.0.8+9-LTS, mixed mode, sharing, tiered, compressed oops, compressed class ptrs, parallel gc, windows-amd64)
GC Precious Log:
 CardTable entry size: 512
 CPUs: 4 total, 4 available
 Memory: 3863M
 Large Page Support: Disabled
 NUMA Support: Disabled
 Compressed Oops: Enabled (32-bit)
 Alignments: Space 512K, Generation 512K, Heap 2M
 Heap Min Capacity: 100M
 Heap Initial Capacity: 100M
 Heap Max Capacity: 2G
 Pre-touch: Disabled
 Parallel Workers: 4
Heap:
 PSYoungGen      total 2560K, used 1831K [0x00000000d5580000, 0x00000000d5d00000, 0x0000000100000000)
  eden space 1536K, 93% used [0x00000000d5580000,0x00000000d56e72a0,0x00000000d5700000)
  from space 1024K, 38% used [0x00000000d5b00000,0x00000000d5b62b90,0x00000000d5c00000)
  to   space 512K, 0% used [0x00000000d5c80000,0x00000000d5c80000,0x00000000d5d00000)
 ParOldGen       total 559616K, used 559282K [0x0000000080000000, 0x00000000a2280000, 0x00000000d5580000)
  object space 559616K, 99% used [0x0000000080000000,0x00000000a222cb40,0x00000000a2280000)
 Metaspace       used 70244K, committed 71616K, reserved 1114112K
  class space    used 7362K, committed 7872K, reserved 1048576K
GC Heap History (20 events):
Event: 80.107 GC heap before
{Heap before GC invocations=483 (full 3):
 PSYoungGen      total 2048K, used 2036K [0x00000000d5580000, 0x00000000d5d80000, 0x0000000100000000)
  eden space 1536K, 100% used [0x00000000d5580000,0x00000000d5700000,0x00000000d5700000)
  from space 512K, 97% used [0x00000000d5c80000,0x00000000d5cfd278,0x00000000d5d00000)
  to   space 512K, 0% used [0x00000000d5d00000,0x00000000d5d00000,0x00000000d5d80000)
 ParOldGen       total 557056K, used 556716K [0x0000000080000000, 0x00000000a2000000, 0x00000000d5580000)
  object space 557056K, 99% used [0x0000000080000000,0x00000000a1fab210,0x00000000a2000000)
 Metaspace       used 69423K, committed 70784K, reserved 1114112K
  class space    used 7297K, committed 7808K, reserved 1048576K
}
Event: 80.109 GC heap after
{Heap after GC invocations=483 (full 3):
 PSYoungGen      total 2048K, used 320K [0x00000000d5580000, 0x00000000d5d80000, 0x0000000100000000)
  eden space 1536K, 0% used [0x00000000d5580000,0x00000000d5580000,0x00000000d5700000)
  from space 512K, 62% used [0x00000000d5d00000,0x00000000d5d50000,0x00000000d5d80000)
  to   space 512K, 0% used [0x00000000d5c80000,0x00000000d5c80000,0x00000000d5d00000)
 ParOldGen       total 557056K, used 556760K [0x0000000080000000, 0x00000000a2000000, 0x00000000d5580000)
  object space 557056K, 99% used [0x0000000080000000,0x00000000a1fb6220,0x00000000a2000000)
 Metaspace       used 69423K, committed 70784K, reserved 1114112K
  class space    used 7297K, committed 7808K, reserved 1048576K
}
Event: 80.129 GC heap before
{Heap before GC invocations=484 (full 3):
 PSYoungGen      total 2048K, used 1855K [0x00000000d5580000, 0x00000000d5d80000, 0x0000000100000000)
  eden space 1536K, 99% used [0x00000000d5580000,0x00000000d56fffd0,0x00000000d5700000)
  from space 512K, 62% used [0x00000000d5d00000,0x00000000d5d50000,0x00000000d5d80000)
  to   space 512K, 0% used [0x00000000d5c80000,0x00000000d5c80000,0x00000000d5d00000)
 ParOldGen       total 557056K, used 556760K [0x0000000080000000, 0x00000000a2000000, 0x00000000d5580000)
  object space 557056K, 99% used [0x0000000080000000,0x00000000a1fb6220,0x00000000a2000000)
 Metaspace       used 69447K, committed 70784K, reserved 1114112K
  class space    used 7301K, committed 7808K, reserved 1048576K
}
Event: 80.131 GC heap after
{Heap after GC invocations=484 (full 3):
 PSYoungGen      total 2048K, used 428K [0x00000000d5580000, 0x00000000d5d80000, 0x0000000100000000)
  eden space 1536K, 0% used [0x00000000d5580000,0x00000000d5580000,0x00000000d5700000)
  from space 512K, 83% used [0x00000000d5c80000,0x00000000d5ceb3a8,0x00000000d5d00000)
  to   space 512K, 0% used [0x00000000d5d00000,0x00000000d5d00000,0x00000000d5d80000)
 ParOldGen       total 557056K, used 556989K [0x0000000080000000, 0x00000000a2000000, 0x00000000d5580000)
  object space 557056K, 99% used [0x0000000080000000,0x00000000a1fef6a0,0x00000000a2000000)
 Metaspace       used 69447K, committed 70784K, reserved 1114112K
  class space    used 7301K, committed 7808K, reserved 1048576K
}
Event: 80.163 GC heap before
{Heap before GC invocations=485 (full 3):
 PSYoungGen      total 2048K, used 1885K [0x00000000d5580000, 0x00000000d5d80000, 0x0000000100000000)
  eden space 1536K, 94% used [0x00000000d5580000,0x00000000d56ec318,0x00000000d5700000)
  from space 512K, 83% used [0x00000000d5c80000,0x00000000d5ceb3a8,0x00000000d5d00000)
  to   space 512K, 0% used [0x00000000d5d00000,0x00000000d5d00000,0x00000000d5d80000)
 ParOldGen       total 557056K, used 556989K [0x0000000080000000, 0x00000000a2000000, 0x00000000d5580000)
  object space 557056K, 99% used [0x0000000080000000,0x00000000a1fef6a0,0x00000000a2000000)
 Metaspace       used 69501K, committed 70848K, reserved 1114112K
  class space    used 7305K, committed 7808K, reserved 1048576K
}
Event: 80.165 GC heap after
{Heap after GC invocations=485 (full 3):
 PSYoungGen      total 2048K, used 411K [0x00000000d5580000, 0x00000000d5d80000, 0x0000000100000000)
  eden space 1536K, 0% used [0x00000000d5580000,0x00000000d5580000,0x00000000d5700000)
  from space 512K, 80% used [0x00000000d5d00000,0x00000000d5d66f68,0x00000000d5d80000)
  to   space 512K, 0% used [0x00000000d5c80000,0x00000000d5c80000,0x00000000d5d00000)
 ParOldGen       total 557568K, used 557264K [0x0000000080000000, 0x00000000a2080000, 0x00000000d5580000)
  object space 557568K, 99% used [0x0000000080000000,0x00000000a2034158,0x00000000a2080000)
 Metaspace       used 69501K, committed 70848K, reserved 1114112K
  class space    used 7305K, committed 7808K, reserved 1048576K
}
Event: 80.206 GC heap before
{Heap before GC invocations=486 (full 3):
 PSYoungGen      total 2048K, used 1947K [0x00000000d5580000, 0x00000000d5d80000, 0x0000000100000000)
  eden space 1536K, 100% used [0x00000000d5580000,0x00000000d5700000,0x00000000d5700000)
  from space 512K, 80% used [0x00000000d5d00000,0x00000000d5d66f68,0x00000000d5d80000)
  to   space 512K, 0% used [0x00000000d5c80000,0x00000000d5c80000,0x00000000d5d00000)
 ParOldGen       total 557568K, used 557264K [0x0000000080000000, 0x00000000a2080000, 0x00000000d5580000)
  object space 557568K, 99% used [0x0000000080000000,0x00000000a2034158,0x00000000a2080000)
 Metaspace       used 69784K, committed 71168K, reserved 1114112K
  class space    used 7319K, committed 7872K, reserved 1048576K
}
Event: 80.210 GC heap after
{Heap after GC invocations=486 (full 3):
 PSYoungGen      total 2048K, used 128K [0x00000000d5580000, 0x00000000d5d80000, 0x0000000100000000)
  eden space 1536K, 0% used [0x00000000d5580000,0x00000000d5580000,0x00000000d5700000)
  from space 512K, 25% used [0x00000000d5c80000,0x00000000d5ca0000,0x00000000d5d00000)
  to   space 512K, 0% used [0x00000000d5d00000,0x00000000d5d00000,0x00000000d5d80000)
 ParOldGen       total 557568K, used 557528K [0x0000000080000000, 0x00000000a2080000, 0x00000000d5580000)
  object space 557568K, 99% used [0x0000000080000000,0x00000000a2076328,0x00000000a2080000)
 Metaspace       used 69784K, committed 71168K, reserved 1114112K
  class space    used 7319K, committed 7872K, reserved 1048576K
}
Event: 80.308 GC heap before
{Heap before GC invocations=487 (full 3):
 PSYoungGen      total 2048K, used 1664K [0x00000000d5580000, 0x00000000d5d80000, 0x0000000100000000)
  eden space 1536K, 100% used [0x00000000d5580000,0x00000000d5700000,0x00000000d5700000)
  from space 512K, 25% used [0x00000000d5c80000,0x00000000d5ca0000,0x00000000d5d00000)
  to   space 512K, 0% used [0x00000000d5d00000,0x00000000d5d00000,0x00000000d5d80000)
 ParOldGen       total 557568K, used 557528K [0x0000000080000000, 0x00000000a2080000, 0x00000000d5580000)
  object space 557568K, 99% used [0x0000000080000000,0x00000000a2076328,0x00000000a2080000)
 Metaspace       used 69860K, committed 71232K, reserved 1114112K
  class space    used 7326K, committed 7872K, reserved 1048576K
}
Event: 80.314 GC heap after
{Heap after GC invocations=487 (full 3):
 PSYoungGen      total 2048K, used 512K [0x00000000d5580000, 0x00000000d5d80000, 0x0000000100000000)
  eden space 1536K, 0% used [0x00000000d5580000,0x00000000d5580000,0x00000000d5700000)
  from space 512K, 100% used [0x00000000d5d00000,0x00000000d5d80000,0x00000000d5d80000)
  to   space 1024K, 0% used [0x00000000d5b80000,0x00000000d5b80000,0x00000000d5c80000)
 ParOldGen       total 558080K, used 557760K [0x0000000080000000, 0x00000000a2100000, 0x00000000d5580000)
  object space 558080K, 99% used [0x0000000080000000,0x00000000a20b0338,0x00000000a2100000)
 Metaspace       used 69860K, committed 71232K, reserved 1114112K
  class space    used 7326K, committed 7872K, reserved 1048576K
}
Event: 80.385 GC heap before
{Heap before GC invocations=488 (full 3):
 PSYoungGen      total 2048K, used 2048K [0x00000000d5580000, 0x00000000d5d80000, 0x0000000100000000)
  eden space 1536K, 100% used [0x00000000d5580000,0x00000000d5700000,0x00000000d5700000)
  from space 512K, 100% used [0x00000000d5d00000,0x00000000d5d80000,0x00000000d5d80000)
  to   space 1024K, 0% used [0x00000000d5b80000,0x00000000d5b80000,0x00000000d5c80000)
 ParOldGen       total 558080K, used 557760K [0x0000000080000000, 0x00000000a2100000, 0x00000000d5580000)
  object space 558080K, 99% used [0x0000000080000000,0x00000000a20b0338,0x00000000a2100000)
 Metaspace       used 69863K, committed 71232K, reserved 1114112K
  class space    used 7327K, committed 7872K, reserved 1048576K
}
Event: 80.390 GC heap after
{Heap after GC invocations=488 (full 3):
 PSYoungGen      total 2560K, used 618K [0x00000000d5580000, 0x00000000d5d80000, 0x0000000100000000)
  eden space 1536K, 0% used [0x00000000d5580000,0x00000000d5580000,0x00000000d5700000)
  from space 1024K, 60% used [0x00000000d5b80000,0x00000000d5c1a8e0,0x00000000d5c80000)
  to   space 1024K, 0% used [0x00000000d5c80000,0x00000000d5c80000,0x00000000d5d80000)
 ParOldGen       total 558592K, used 558093K [0x0000000080000000, 0x00000000a2180000, 0x00000000d5580000)
  object space 558592K, 99% used [0x0000000080000000,0x00000000a21036a0,0x00000000a2180000)
 Metaspace       used 69863K, committed 71232K, reserved 1114112K
  class space    used 7327K, committed 7872K, reserved 1048576K
}
Event: 80.944 GC heap before
{Heap before GC invocations=489 (full 3):
 PSYoungGen      total 2560K, used 2154K [0x00000000d5580000, 0x00000000d5d80000, 0x0000000100000000)
  eden space 1536K, 100% used [0x00000000d5580000,0x00000000d5700000,0x00000000d5700000)
  from space 1024K, 60% used [0x00000000d5b80000,0x00000000d5c1a8e0,0x00000000d5c80000)
  to   space 1024K, 0% used [0x00000000d5c80000,0x00000000d5c80000,0x00000000d5d80000)
 ParOldGen       total 558592K, used 558093K [0x0000000080000000, 0x00000000a2180000, 0x00000000d5580000)
  object space 558592K, 99% used [0x0000000080000000,0x00000000a21036a0,0x00000000a2180000)
 Metaspace       used 69985K, committed 71360K, reserved 1114112K
  class space    used 7334K, committed 7872K, reserved 1048576K
}
Event: 80.947 GC heap after
{Heap after GC invocations=489 (full 3):
 PSYoungGen      total 2048K, used 256K [0x00000000d5580000, 0x00000000d5d00000, 0x0000000100000000)
  eden space 1536K, 0% used [0x00000000d5580000,0x00000000d5580000,0x00000000d5700000)
  from space 512K, 50% used [0x00000000d5c80000,0x00000000d5cc0000,0x00000000d5d00000)
  to   space 512K, 0% used [0x00000000d5c00000,0x00000000d5c00000,0x00000000d5c80000)
 ParOldGen       total 558592K, used 558589K [0x0000000080000000, 0x00000000a2180000, 0x00000000d5580000)
  object space 558592K, 99% used [0x0000000080000000,0x00000000a217f6a0,0x00000000a2180000)
 Metaspace       used 69985K, committed 71360K, reserved 1114112K
  class space    used 7334K, committed 7872K, reserved 1048576K
}
Event: 80.974 GC heap before
{Heap before GC invocations=490 (full 3):
 PSYoungGen      total 2048K, used 1791K [0x00000000d5580000, 0x00000000d5d00000, 0x0000000100000000)
  eden space 1536K, 99% used [0x00000000d5580000,0x00000000d56ffff8,0x00000000d5700000)
  from space 512K, 50% used [0x00000000d5c80000,0x00000000d5cc0000,0x00000000d5d00000)
  to   space 512K, 0% used [0x00000000d5c00000,0x00000000d5c00000,0x00000000d5c80000)
 ParOldGen       total 558592K, used 558589K [0x0000000080000000, 0x00000000a2180000, 0x00000000d5580000)
  object space 558592K, 99% used [0x0000000080000000,0x00000000a217f6a0,0x00000000a2180000)
 Metaspace       used 70047K, committed 71424K, reserved 1114112K
  class space    used 7337K, committed 7872K, reserved 1048576K
}
Event: 80.979 GC heap after
{Heap after GC invocations=490 (full 3):
 PSYoungGen      total 2048K, used 496K [0x00000000d5580000, 0x00000000d5d00000, 0x0000000100000000)
  eden space 1536K, 0% used [0x00000000d5580000,0x00000000d5580000,0x00000000d5700000)
  from space 512K, 96% used [0x00000000d5c00000,0x00000000d5c7c010,0x00000000d5c80000)
  to   space 512K, 0% used [0x00000000d5c80000,0x00000000d5c80000,0x00000000d5d00000)
 ParOldGen       total 559104K, used 558788K [0x0000000080000000, 0x00000000a2200000, 0x00000000d5580000)
  object space 559104K, 99% used [0x0000000080000000,0x00000000a21b10f0,0x00000000a2200000)
 Metaspace       used 70047K, committed 71424K, reserved 1114112K
  class space    used 7337K, committed 7872K, reserved 1048576K
}
Event: 80.998 GC heap before
{Heap before GC invocations=491 (full 3):
 PSYoungGen      total 2048K, used 2032K [0x00000000d5580000, 0x00000000d5d00000, 0x0000000100000000)
  eden space 1536K, 100% used [0x00000000d5580000,0x00000000d5700000,0x00000000d5700000)
  from space 512K, 96% used [0x00000000d5c00000,0x00000000d5c7c010,0x00000000d5c80000)
  to   space 512K, 0% used [0x00000000d5c80000,0x00000000d5c80000,0x00000000d5d00000)
 ParOldGen       total 559104K, used 558788K [0x0000000080000000, 0x00000000a2200000, 0x00000000d5580000)
  object space 559104K, 99% used [0x0000000080000000,0x00000000a21b10f0,0x00000000a2200000)
 Metaspace       used 70095K, committed 71424K, reserved 1114112K
  class space    used 7340K, committed 7872K, reserved 1048576K
}
Event: 81.002 GC heap after
{Heap after GC invocations=491 (full 3):
 PSYoungGen      total 2048K, used 432K [0x00000000d5580000, 0x00000000d5d00000, 0x0000000100000000)
  eden space 1536K, 0% used [0x00000000d5580000,0x00000000d5580000,0x00000000d5700000)
  from space 512K, 84% used [0x00000000d5c80000,0x00000000d5cec010,0x00000000d5d00000)
  to   space 1024K, 0% used [0x00000000d5b00000,0x00000000d5b00000,0x00000000d5c00000)
 ParOldGen       total 559616K, used 559258K [0x0000000080000000, 0x00000000a2280000, 0x00000000d5580000)
  object space 559616K, 99% used [0x0000000080000000,0x00000000a2226b40,0x00000000a2280000)
 Metaspace       used 70095K, committed 71424K, reserved 1114112K
  class space    used 7340K, committed 7872K, reserved 1048576K
}
Event: 81.082 GC heap before
{Heap before GC invocations=492 (full 3):
 PSYoungGen      total 2048K, used 1964K [0x00000000d5580000, 0x00000000d5d00000, 0x0000000100000000)
  eden space 1536K, 99% used [0x00000000d5580000,0x00000000d56ff240,0x00000000d5700000)
  from space 512K, 84% used [0x00000000d5c80000,0x00000000d5cec010,0x00000000d5d00000)
  to   space 1024K, 0% used [0x00000000d5b00000,0x00000000d5b00000,0x00000000d5c00000)
 ParOldGen       total 559616K, used 559258K [0x0000000080000000, 0x00000000a2280000, 0x00000000d5580000)
  object space 559616K, 99% used [0x0000000080000000,0x00000000a2226b40,0x00000000a2280000)
 Metaspace       used 70151K, committed 71488K, reserved 1114112K
  class space    used 7354K, committed 7872K, reserved 1048576K
}
Event: 81.089 GC heap after
{Heap after GC invocations=492 (full 3):
 PSYoungGen      total 2560K, used 394K [0x00000000d5580000, 0x00000000d5d00000, 0x0000000100000000)
  eden space 1536K, 0% used [0x00000000d5580000,0x00000000d5580000,0x00000000d5700000)
  from space 1024K, 38% used [0x00000000d5b00000,0x00000000d5b62b90,0x00000000d5c00000)
  to   space 512K, 0% used [0x00000000d5c80000,0x00000000d5c80000,0x00000000d5d00000)
 ParOldGen       total 559616K, used 559282K [0x0000000080000000, 0x00000000a2280000, 0x00000000d5580000)
  object space 559616K, 99% used [0x0000000080000000,0x00000000a222cb40,0x00000000a2280000)
 Metaspace       used 70151K, committed 71488K, reserved 1114112K
  class space    used 7354K, committed 7872K, reserved 1048576K
}

